{
  "uid" : "4147cfb10e088d07",
  "name" : "verifyLoginPageTitleTest",
  "fullName" : "com.qa.trcrm.tests.LoginPageTest.verifyLoginPageTitleTest",
  "historyId" : "368794d25172ebce3b99dd96d6c9cf7d",
  "time" : {
    "start" : 1655307418826,
    "stop" : 1655307420362,
    "duration" : 1536
  },
  "description" : "verify login page title",
  "descriptionHtml" : "<p>verify login page title</p>\n",
  "status" : "failed",
  "statusMessage" : "expected [CRM Login CRM | Customer Relationship Management TRCRM2] but found [CRM Login CRM | Customer Relationship Management TRCRM]",
  "statusTrace" : "java.lang.AssertionError: expected [CRM Login CRM | Customer Relationship Management TRCRM2] but found [CRM Login CRM | Customer Relationship Management TRCRM]\r\n\tat org.testng.Assert.fail(Assert.java:96)\r\n\tat org.testng.Assert.failNotEquals(Assert.java:776)\r\n\tat org.testng.Assert.assertEqualsImpl(Assert.java:137)\r\n\tat org.testng.Assert.assertEquals(Assert.java:118)\r\n\tat org.testng.Assert.assertEquals(Assert.java:453)\r\n\tat org.testng.Assert.assertEquals(Assert.java:463)\r\n\tat com.qa.trcrm.tests.LoginPageTest.verifyLoginPageTitleTest(LoginPageTest.java:47)\r\n\tat sun.reflect.NativeMethodAccessorImpl.invoke0(Native Method)\r\n\tat sun.reflect.NativeMethodAccessorImpl.invoke(Unknown Source)\r\n\tat sun.reflect.DelegatingMethodAccessorImpl.invoke(Unknown Source)\r\n\tat java.lang.reflect.Method.invoke(Unknown Source)\r\n\tat org.testng.internal.MethodInvocationHelper.invokeMethod(MethodInvocationHelper.java:124)\r\n\tat org.testng.internal.Invoker.invokeMethod(Invoker.java:583)\r\n\tat org.testng.internal.Invoker.invokeTestMethod(Invoker.java:719)\r\n\tat org.testng.internal.Invoker.invokeTestMethods(Invoker.java:989)\r\n\tat org.testng.internal.TestMethodWorker.invokeTestMethods(TestMethodWorker.java:125)\r\n\tat org.testng.internal.TestMethodWorker.run(TestMethodWorker.java:109)\r\n\tat org.testng.TestRunner.privateRun(TestRunner.java:648)\r\n\tat org.testng.TestRunner.run(TestRunner.java:505)\r\n\tat org.testng.SuiteRunner.runTest(SuiteRunner.java:455)\r\n\tat org.testng.SuiteRunner.runSequentially(SuiteRunner.java:450)\r\n\tat org.testng.SuiteRunner.privateRun(SuiteRunner.java:415)\r\n\tat org.testng.SuiteRunner.run(SuiteRunner.java:364)\r\n\tat org.testng.SuiteRunnerWorker.runSuite(SuiteRunnerWorker.java:52)\r\n\tat org.testng.SuiteRunnerWorker.run(SuiteRunnerWorker.java:84)\r\n\tat org.testng.TestNG.runSuitesSequentially(TestNG.java:1208)\r\n\tat org.testng.TestNG.runSuitesLocally(TestNG.java:1137)\r\n\tat org.testng.TestNG.runSuites(TestNG.java:1049)\r\n\tat org.testng.TestNG.run(TestNG.java:1017)\r\n\tat org.testng.remote.AbstractRemoteTestNG.run(AbstractRemoteTestNG.java:115)\r\n\tat org.testng.remote.RemoteTestNG.initAndRun(RemoteTestNG.java:251)\r\n\tat org.testng.remote.RemoteTestNG.main(RemoteTestNG.java:77)\r\n",
  "flaky" : false,
  "newFailed" : false,
  "newBroken" : false,
  "newPassed" : false,
  "retriesCount" : 2,
  "retriesStatusChange" : false,
  "beforeStages" : [ {
    "name" : "setUp",
    "time" : {
      "start" : 1655307302890,
      "stop" : 1655307397692,
      "duration" : 94802
    },
    "description" : "",
    "status" : "passed",
    "steps" : [ ],
    "attachments" : [ ],
    "parameters" : [ ],
    "shouldDisplayMessage" : false,
    "attachmentsCount" : 0,
    "stepsCount" : 0,
    "hasContent" : false
  }, {
    "name" : "setUp",
    "time" : {
      "start" : 1655307397733,
      "stop" : 1655307416980,
      "duration" : 19247
    },
    "description" : "",
    "status" : "passed",
    "steps" : [ ],
    "attachments" : [ ],
    "parameters" : [ ],
    "shouldDisplayMessage" : false,
    "attachmentsCount" : 0,
    "stepsCount" : 0,
    "hasContent" : false
  } ],
  "testStage" : {
    "description" : "verify login page title",
    "status" : "failed",
    "statusMessage" : "expected [CRM Login CRM | Customer Relationship Management TRCRM2] but found [CRM Login CRM | Customer Relationship Management TRCRM]",
    "statusTrace" : "java.lang.AssertionError: expected [CRM Login CRM | Customer Relationship Management TRCRM2] but found [CRM Login CRM | Customer Relationship Management TRCRM]\r\n\tat org.testng.Assert.fail(Assert.java:96)\r\n\tat org.testng.Assert.failNotEquals(Assert.java:776)\r\n\tat org.testng.Assert.assertEqualsImpl(Assert.java:137)\r\n\tat org.testng.Assert.assertEquals(Assert.java:118)\r\n\tat org.testng.Assert.assertEquals(Assert.java:453)\r\n\tat org.testng.Assert.assertEquals(Assert.java:463)\r\n\tat com.qa.trcrm.tests.LoginPageTest.verifyLoginPageTitleTest(LoginPageTest.java:47)\r\n\tat sun.reflect.NativeMethodAccessorImpl.invoke0(Native Method)\r\n\tat sun.reflect.NativeMethodAccessorImpl.invoke(Unknown Source)\r\n\tat sun.reflect.DelegatingMethodAccessorImpl.invoke(Unknown Source)\r\n\tat java.lang.reflect.Method.invoke(Unknown Source)\r\n\tat org.testng.internal.MethodInvocationHelper.invokeMethod(MethodInvocationHelper.java:124)\r\n\tat org.testng.internal.Invoker.invokeMethod(Invoker.java:583)\r\n\tat org.testng.internal.Invoker.invokeTestMethod(Invoker.java:719)\r\n\tat org.testng.internal.Invoker.invokeTestMethods(Invoker.java:989)\r\n\tat org.testng.internal.TestMethodWorker.invokeTestMethods(TestMethodWorker.java:125)\r\n\tat org.testng.internal.TestMethodWorker.run(TestMethodWorker.java:109)\r\n\tat org.testng.TestRunner.privateRun(TestRunner.java:648)\r\n\tat org.testng.TestRunner.run(TestRunner.java:505)\r\n\tat org.testng.SuiteRunner.runTest(SuiteRunner.java:455)\r\n\tat org.testng.SuiteRunner.runSequentially(SuiteRunner.java:450)\r\n\tat org.testng.SuiteRunner.privateRun(SuiteRunner.java:415)\r\n\tat org.testng.SuiteRunner.run(SuiteRunner.java:364)\r\n\tat org.testng.SuiteRunnerWorker.runSuite(SuiteRunnerWorker.java:52)\r\n\tat org.testng.SuiteRunnerWorker.run(SuiteRunnerWorker.java:84)\r\n\tat org.testng.TestNG.runSuitesSequentially(TestNG.java:1208)\r\n\tat org.testng.TestNG.runSuitesLocally(TestNG.java:1137)\r\n\tat org.testng.TestNG.runSuites(TestNG.java:1049)\r\n\tat org.testng.TestNG.run(TestNG.java:1017)\r\n\tat org.testng.remote.AbstractRemoteTestNG.run(AbstractRemoteTestNG.java:115)\r\n\tat org.testng.remote.RemoteTestNG.initAndRun(RemoteTestNG.java:251)\r\n\tat org.testng.remote.RemoteTestNG.main(RemoteTestNG.java:77)\r\n",
    "steps" : [ ],
    "attachments" : [ {
      "uid" : "3aa0a7a96bf7759d",
      "name" : "Page screenshot",
      "source" : "3aa0a7a96bf7759d.png",
      "type" : "image/png",
      "size" : 130686
    }, {
      "uid" : "55e90b53cfc19b27",
      "name" : "verifyLoginPageTitleTest failed and screenshot taken!",
      "source" : "55e90b53cfc19b27.txt",
      "type" : "text/plain",
      "size" : 53
    } ],
    "parameters" : [ ],
    "shouldDisplayMessage" : true,
    "attachmentsCount" : 2,
    "stepsCount" : 0,
    "hasContent" : true
  },
  "afterStages" : [ {
    "name" : "tearDown",
    "time" : {
      "start" : 1655307453284,
      "stop" : 1655307459907,
      "duration" : 6623
    },
    "description" : "",
    "status" : "passed",
    "steps" : [ ],
    "attachments" : [ ],
    "parameters" : [ ],
    "shouldDisplayMessage" : false,
    "attachmentsCount" : 0,
    "stepsCount" : 0,
    "hasContent" : false
  }, {
    "name" : "tearDown",
    "time" : {
      "start" : 1655307459908,
      "stop" : 1655307463694,
      "duration" : 3786
    },
    "description" : "",
    "status" : "passed",
    "steps" : [ ],
    "attachments" : [ ],
    "parameters" : [ ],
    "shouldDisplayMessage" : false,
    "attachmentsCount" : 0,
    "stepsCount" : 0,
    "hasContent" : false
  } ],
  "labels" : [ {
    "name" : "package",
    "value" : "com.qa.trcrm.tests.LoginPageTest"
  }, {
    "name" : "testClass",
    "value" : "com.qa.trcrm.tests.LoginPageTest"
  }, {
    "name" : "testMethod",
    "value" : "verifyLoginPageTitleTest"
  }, {
    "name" : "parentSuite",
    "value" : "trcrm app regression suite"
  }, {
    "name" : "suite",
    "value" : "regression test"
  }, {
    "name" : "subSuite",
    "value" : "com.qa.trcrm.tests.LoginPageTest"
  }, {
    "name" : "host",
    "value" : "Sachin-Sharma"
  }, {
    "name" : "thread",
    "value" : "16680@Sachin-Sharma.main(1)"
  }, {
    "name" : "framework",
    "value" : "testng"
  }, {
    "name" : "language",
    "value" : "java"
  }, {
    "name" : "epic",
    "value" : "Epic-101 : define login feature for trcrm application"
  }, {
    "name" : "feature",
    "value" : "US-1001 :create features for login with signup,title and login"
  }, {
    "name" : "severity",
    "value" : "normal"
  }, {
    "name" : "resultFormat",
    "value" : "allure2"
  } ],
  "parameters" : [ ],
  "links" : [ ],
  "hidden" : false,
  "retry" : false,
  "extra" : {
    "severity" : "normal",
    "retries" : [ {
      "uid" : "f916769210d2480b",
      "status" : "failed",
      "statusDetails" : "expected [CRM Login CRM | Customer Relationship Management TRCRM2] but found [CRM Login CRM | Customer Relationship Management TRCRM]",
      "time" : {
        "start" : 1655305568619,
        "stop" : 1655305568850,
        "duration" : 231
      }
    }, {
      "uid" : "aeaafdcba0f02096",
      "status" : "failed",
      "statusDetails" : "expected [CRM Login CRM | Customer Relationship Management TRCRM2] but found [CRM Login CRM | Customer Relationship Management TRCRM]",
      "time" : {
        "start" : 1655300997963,
        "stop" : 1655300998127,
        "duration" : 164
      }
    } ],
    "categories" : [ {
      "name" : "Product defects",
      "matchedStatuses" : [ ],
      "flaky" : false
    } ],
    "tags" : [ ]
  },
  "source" : "4147cfb10e088d07.json",
  "parameterValues" : [ ]
}